<?xml version="1.0" encoding="UTF-8"?>
<!-- Generated by org.testng.reporters.JUnitReportReporter -->
<testsuite hostname="DESKTOP-OCSFSN6" failures="0" tests="6" name="school.educare.testcases.HomePageTest" time="295.201" errors="0" timestamp="21 Mar 2021 19:31:29 GMT" skipped="0">
  <testcase classname="school.educare.testcases.HomePageTest" name="homePageTitleTest" time="84.445"/>
  <testcase classname="school.educare.testcases.HomePageTest" name="programsLinkTest" time="21.011"/>
  <testcase classname="school.educare.testcases.HomePageTest" name="onlineProgramsLinkTest" time="80.065"/>
  <testcase classname="school.educare.testcases.HomePageTest" name="jobLinkTest" time="79.147"/>
  <testcase classname="school.educare.testcases.HomePageTest" name="communityProgramsLink" time="12.052"/>
  <testcase classname="school.educare.testcases.HomePageTest" name="aboutUsLinkTest" time="18.481"/>
</testsuite> <!-- school.educare.testcases.HomePageTest -->
