<?xml version="1.0" encoding="UTF-8"?>
<!-- Generated by org.testng.reporters.JUnitReportReporter -->
<testsuite hostname="DESKTOP-OCSFSN6" failures="0" tests="1" name="school.educare.testcases.CheckTest" time="0.010" errors="0" timestamp="21 Mar 2021 12:01:54 GMT" skipped="0">
  <testcase classname="school.educare.testcases.CheckTest" name="setUp" time="0.010"/>
</testsuite> <!-- school.educare.testcases.CheckTest -->
